<?xml version="1.0" encoding="UTF-8"?>
<!-- Generated by org.testng.reporters.JUnitReportReporter -->
<testsuite hostname="LAPTOP-IC5DFLOS" failures="0" tests="1" name="testDemo.FileUploadAutoIT" time="12.586" errors="0" timestamp="2022-01-03T15:25:27 IST" skipped="0">
  <testcase classname="testDemo.FileUploadAutoIT" name="test1" time="12.586"/>
  <system-out>
    <![CDATA[Allication is Started....
File Upload window is opend
File Uploaded!]]>
  </system-out>
</testsuite> <!-- testDemo.FileUploadAutoIT -->
