<?xml version="1.0" encoding="UTF-8"?>
<!-- Generated by org.testng.reporters.JUnitReportReporter -->
<testsuite hostname="LAPTOP-IC5DFLOS" failures="0" tests="1" name="webtesting.BrowserTest1" time="16.979" errors="0" timestamp="2021-12-29T16:48:48 IST" skipped="0">
  <testcase classname="webtesting.BrowserTest1" name="chrome" time="16.979"/>
  <system-out/>
</testsuite> <!-- webtesting.BrowserTest1 -->
