<?xml version="1.0" encoding="UTF-8"?>
<!-- Generated by org.testng.reporters.JUnitReportReporter -->
<testsuite hostname="LAPTOP-IC5DFLOS" failures="0" tests="2" name="webtesting.TestDemo1" time="0.038" errors="0" timestamp="2021-12-29T16:43:01 IST" skipped="0">
  <testcase classname="webtesting.TestDemo1" name="test2" time="0.005"/>
  <system-out/>
  <testcase classname="webtesting.TestDemo1" name="test1" time="0.033"/>
  <system-out/>
</testsuite> <!-- webtesting.TestDemo1 -->
