<?xml version="1.0" encoding="UTF-8"?>
<!-- Generated by org.testng.reporters.JUnitReportReporter -->
<testsuite hostname="LAPTOP-IC5DFLOS" failures="0" tests="3" name="testngDemo.AnnotationUseCase" time="12.881" errors="0" timestamp="2021-12-20T16:49:45 IST" skipped="0">
  <testcase classname="testngDemo.AnnotationUseCase" name="titlevalidation" time="0.098"/>
  <system-out/>
  <testcase classname="testngDemo.AnnotationUseCase" name="Login" time="11.512"/>
  <system-out/>
  <testcase classname="testngDemo.AnnotationUseCase" name="Logout" time="1.271"/>
  <system-out/>
</testsuite> <!-- testngDemo.AnnotationUseCase -->
