<?xml version="1.0" encoding="UTF-8"?>
<!-- Generated by org.testng.reporters.JUnitReportReporter -->
<testsuite hostname="LAPTOP-IC5DFLOS" failures="0" tests="1" name="testngDemo.FileUploadUsingAutoIT" time="8.242" errors="0" timestamp="2022-01-03T16:43:09 IST" skipped="0">
  <testcase classname="testngDemo.FileUploadUsingAutoIT" name="fileupload" time="8.242"/>
  <system-out>
    <![CDATA[Bowser is loaded
Application is opened
Window is opened
File Uploaded!]]>
  </system-out>
</testsuite> <!-- testngDemo.FileUploadUsingAutoIT -->
