<?xml version="1.0" encoding="UTF-8"?>
<!-- Generated by org.testng.reporters.JUnitReportReporter -->
<testsuite hostname="LAPTOP-IC5DFLOS" failures="0" tests="1" name="testngDemo.DatareadfromPropertyFile" time="0.036" errors="0" timestamp="2021-12-21T16:54:20 IST" skipped="0">
  <testcase classname="testngDemo.DatareadfromPropertyFile" name="testdata" time="0.036"/>
  <system-out/>
</testsuite> <!-- testngDemo.DatareadfromPropertyFile -->
