<?xml version="1.0" encoding="UTF-8"?>
<!-- Generated by org.testng.reporters.JUnitReportReporter -->
<testsuite hostname="LAPTOP-IC5DFLOS" failures="0" tests="1" name="testngDemo.Screenshotdemo" time="13.955" errors="0" timestamp="2021-12-23T17:00:11 IST" skipped="0">
  <testcase classname="testngDemo.Screenshotdemo" name="capture" time="13.955"/>
  <system-out/>
</testsuite> <!-- testngDemo.Screenshotdemo -->
