<?xml version="1.0" encoding="UTF-8"?>
<!-- Generated by org.testng.reporters.JUnitReportReporter -->
<testsuite hostname="LAPTOP-IC5DFLOS" failures="0" tests="2" name="testngDemo.FileUploadUsingSendkeys" time="7.240" errors="0" timestamp="2022-01-03T13:47:00 IST" skipped="1">
  <testcase classname="testngDemo.FileUploadUsingSendkeys" name="upload" time="7.240"/>
  <system-out/>
  <testcase classname="testngDemo.FileUploadUsingSendkeys" name="fileUploadTest">
    <skipped/>
  </testcase> <!-- fileUploadTest -->
  <system-out/>
</testsuite> <!-- testngDemo.FileUploadUsingSendkeys -->
