<?xml version="1.0" encoding="UTF-8"?>
<!-- Generated by org.testng.reporters.JUnitReportReporter -->
<testsuite hostname="LAPTOP-IC5DFLOS" failures="0" tests="1" name="testngDemo.OrangehrmXMLdatapassing" time="23.599" errors="0" timestamp="2021-12-21T16:34:50 IST" skipped="0">
  <testcase classname="testngDemo.OrangehrmXMLdatapassing" name="loginHRM" time="23.599"/>
  <system-out/>
</testsuite> <!-- testngDemo.OrangehrmXMLdatapassing -->
