<?xml version="1.0" encoding="UTF-8"?>
<!-- Generated by org.testng.reporters.JUnitReportReporter -->
<testsuite hostname="LAPTOP-IC5DFLOS" failures="0" tests="1" name="testngDemo.XcellDataSetPassing" time="3.354" errors="0" timestamp="2021-12-23T16:38:12 IST" skipped="0">
  <testcase classname="testngDemo.XcellDataSetPassing" name="dataSet" time="3.354"/>
  <system-out/>
</testsuite> <!-- testngDemo.XcellDataSetPassing -->
