<?xml version="1.0" encoding="UTF-8"?>
<!-- Generated by org.testng.reporters.JUnitReportReporter -->
<testsuite hostname="LAPTOP-IC5DFLOS" failures="0" tests="2" name="testngDemo.NewTest" time="0.108" errors="0" timestamp="2021-12-20T16:34:35 IST" skipped="0">
  <testcase classname="testngDemo.NewTest" name="userRegistration" time="0.102"/>
  <system-out/>
  <testcase classname="testngDemo.NewTest" name="userLogin" time="0.006"/>
  <system-out/>
</testsuite> <!-- testngDemo.NewTest -->
