<?xml version="1.0" encoding="UTF-8"?>
<!-- Generated by org.testng.reporters.JUnitReportReporter -->
<testsuite hostname="LAPTOP-IC5DFLOS" failures="0" tests="3" name="testngDemo.TestDemo2" time="64.994" errors="0" timestamp="2021-12-17T17:04:01 IST" skipped="0">
  <testcase classname="testngDemo.TestDemo2" name="chromeTest" time="9.600"/>
  <system-out/>
  <testcase classname="testngDemo.TestDemo2" name="firefoxTest" time="41.237"/>
  <system-out/>
  <testcase classname="testngDemo.TestDemo2" name="edgeTest" time="14.157"/>
  <system-out/>
</testsuite> <!-- testngDemo.TestDemo2 -->
