<?xml version="1.0" encoding="UTF-8"?>
<!-- Generated by org.testng.reporters.JUnitReportReporter -->
<testsuite hostname="LAPTOP-IC5DFLOS" failures="0" tests="4" name="testngDemo.TestDemo3" time="0.032" errors="0" timestamp="2021-12-20T16:12:26 IST" skipped="1">
  <testcase classname="testngDemo.TestDemo3" name="one" time="0.022"/>
  <system-out/>
  <testcase classname="testngDemo.TestDemo3" name="three" time="0.003"/>
  <system-out/>
  <testcase classname="testngDemo.TestDemo3" name="three" time="0.007"/>
  <system-out/>
  <testcase classname="testngDemo.TestDemo3" name="two">
    <skipped/>
  </testcase> <!-- two -->
  <system-out/>
</testsuite> <!-- testngDemo.TestDemo3 -->
