<?xml version="1.0" encoding="UTF-8"?>
<!-- Generated by org.testng.reporters.JUnitReportReporter -->
<testsuite hostname="LAPTOP-IC5DFLOS" failures="0" tests="1" name="testngDemo.DatapassingusingXMLFile" time="0.029" errors="0" timestamp="2021-12-21T16:22:15 IST" skipped="0">
  <testcase classname="testngDemo.DatapassingusingXMLFile" name="testdata" time="0.029"/>
  <system-out/>
</testsuite> <!-- testngDemo.DatapassingusingXMLFile -->
