<?xml version="1.0" encoding="UTF-8"?>
<!-- Generated by org.testng.reporters.JUnitReportReporter -->
<testsuite hostname="LAPTOP-IC5DFLOS" failures="0" tests="2" name="testngDemo.AssertionDemo" time="0.056" errors="0" timestamp="2021-12-22T16:35:08 IST" skipped="0">
  <testcase classname="testngDemo.AssertionDemo" name="softAssert" time="0.020"/>
  <system-out/>
  <testcase classname="testngDemo.AssertionDemo" name="hardAssert" time="0.036"/>
  <system-out/>
</testsuite> <!-- testngDemo.AssertionDemo -->
