<?xml version="1.0" encoding="UTF-8"?>
<!-- Generated by org.testng.reporters.JUnitReportReporter -->
<testsuite hostname="LAPTOP-IC5DFLOS" failures="0" tests="3" name="testngDemo.DataDrivenTest1" time="0.046" errors="0" timestamp="2021-12-22T16:52:30 IST" skipped="0">
  <testcase classname="testngDemo.DataDrivenTest1" name="scenarioTest" time="0.011"/>
  <system-out/>
  <testcase classname="testngDemo.DataDrivenTest1" name="scenarioTest" time="0.011"/>
  <system-out/>
  <testcase classname="testngDemo.DataDrivenTest1" name="scenarioTest" time="0.024"/>
  <system-out/>
</testsuite> <!-- testngDemo.DataDrivenTest1 -->
