<?xml version="1.0" encoding="UTF-8"?>
<!-- Generated by org.testng.reporters.JUnitReportReporter -->
<testsuite hostname="LAPTOP-IC5DFLOS" failures="0" tests="2" name="testngDemo.TestDemo1" time="0.034" errors="0" timestamp="2021-12-17T17:04:01 IST" skipped="0">
  <testcase classname="testngDemo.TestDemo1" name="Testcase1" time="0.030"/>
  <system-out/>
  <testcase classname="testngDemo.TestDemo1" name="Testcase2" time="0.004"/>
  <system-out/>
</testsuite> <!-- testngDemo.TestDemo1 -->
