<?xml version="1.0" encoding="UTF-8"?>
<!-- Generated by org.testng.reporters.JUnitReportReporter -->
<testsuite hostname="LAPTOP-IC5DFLOS" failures="0" tests="1" name="com.Orangehrm.TestCases.LoginMainTestCase" time="7.863" errors="0" timestamp="2022-01-07T17:01:07 IST" skipped="0">
  <testcase classname="com.Orangehrm.TestCases.LoginMainTestCase" name="loginVerification" time="7.863"/>
  <system-out>
    <![CDATA[Application login is executing
Test Completed with Screenshot]]>
  </system-out>
</testsuite> <!-- com.Orangehrm.TestCases.LoginMainTestCase -->
