<?xml version="1.0" encoding="UTF-8"?>
<!-- Generated by org.testng.reporters.JUnitReportReporter -->
<testsuite skipped="0" hostname="LAPTOP-IC5DFLOS" name="webtesting.BrowserTest1" tests="1" failures="0" timestamp="2021-12-31T16:26:46 IST" time="19.532" errors="0">
  <testcase name="chrome" time="19.532" classname="webtesting.BrowserTest1"/>
  <system-out/>
</testsuite> <!-- webtesting.BrowserTest1 -->
