<?xml version="1.0" encoding="UTF-8"?>
<!-- Generated by org.testng.reporters.JUnitReportReporter -->
<testsuite skipped="0" hostname="LAPTOP-IC5DFLOS" name="webtesting.TestDemo1" tests="2" failures="0" timestamp="2021-12-31T16:26:46 IST" time="0.009" errors="0">
  <testcase name="test1" time="0.009" classname="webtesting.TestDemo1"/>
  <system-out/>
  <testcase name="test2" time="0.000" classname="webtesting.TestDemo1"/>
  <system-out/>
</testsuite> <!-- webtesting.TestDemo1 -->
