<?xml version="1.0" encoding="UTF-8"?>
<!-- Generated by org.testng.reporters.JUnitReportReporter -->
<testsuite hostname="LAPTOP-IC5DFLOS" failures="0" tests="1" name="com.Orhrm.TestCases.LoginPageTest" time="7.305" errors="0" timestamp="2022-01-07T15:38:09 IST" skipped="0">
  <testcase classname="com.Orhrm.TestCases.LoginPageTest" name="verifyLogin" time="7.305"/>
  <system-out/>
</testsuite> <!-- com.Orhrm.TestCases.LoginPageTest -->
