<?xml version="1.0" encoding="UTF-8"?>
<!-- Generated by org.testng.reporters.JUnitReportReporter -->
<testsuite hostname="LAPTOP-IC5DFLOS" failures="0" tests="1" name="com.Orhrm.Utility.Helper" time="0.043" errors="0" timestamp="2022-01-02T20:42:01 IST" skipped="0">
  <testcase classname="com.Orhrm.Utility.Helper" name="screenshot" time="0.043"/>
  <system-out/>
</testsuite> <!-- com.Orhrm.Utility.Helper -->
